================================================================================
COMPREHENSIVE ICT SNIPER OPTIMIZATION
================================================================================


================================================================================
TESTING MTF MODE: PERMISSIVE
================================================================================


Testing: permissive_Phase1A
  vol_multiplier: 1.2
  displacement_multiplier: 1.3
  swing_lookback: 10
  mss_swing_len: 3
[MTF] Mode set to: permissive
[MTF] Mode set to: permissive

============================================================
BACKTESTING BANKNIFTY - Last 90 days
============================================================

[Backtest] API unavailable - using simulated data for BANKNIFTY
[Backtest] Generated 4864 simulated candles for BANKNIFTY

[MTF] Building multi-timeframe data from 1m candles...
[Backtest] API unavailable - using simulated data for BANKNIFTY
[Backtest] Generated 24064 simulated candles for BANKNIFTY
[MTF] Built 1m/5m/15m candles: 1m=24064, 5m=4812, 15m=1604

[MTF] Filter Stats: 0/196 signals blocked (0.0%)
[MTF] CE blocked: 0, PE blocked: 0

[Backtest] Results saved to: /Users/bhoomidakshpc/Project_WebSocket/ClawWork/livebench/data/backtest/backtest_BANKNIFTY_20260303_234337.json
    BANKNIFTY: 93W/103L (47.5%) P&L: ₹3,657

============================================================
BACKTESTING NIFTY50 - Last 90 days
============================================================

[Backtest] API unavailable - using simulated data for NIFTY50
[Backtest] Generated 4864 simulated candles for NIFTY50

[MTF] Building multi-timeframe data from 1m candles...
[Backtest] API unavailable - using simulated data for NIFTY50
[Backtest] Generated 24064 simulated candles for NIFTY50
[MTF] Built 1m/5m/15m candles: 1m=24064, 5m=4812, 15m=1604

[MTF] Filter Stats: 0/388 signals blocked (0.0%)
[MTF] CE blocked: 0, PE blocked: 0

[Backtest] Results saved to: /Users/bhoomidakshpc/Project_WebSocket/ClawWork/livebench/data/backtest/backtest_NIFTY50_20260303_234338.json
    NIFTY50: 93W/98L (48.4%) P&L: ₹1,525

============================================================
BACKTESTING FINNIFTY - Last 90 days
============================================================

[Backtest] API unavailable - using simulated data for FINNIFTY
[Backtest] Generated 4864 simulated candles for FINNIFTY

[MTF] Building multi-timeframe data from 1m candles...
[Backtest] API unavailable - using simulated data for FINNIFTY
[Backtest] Generated 24064 simulated candles for FINNIFTY
[MTF] Built 1m/5m/15m candles: 1m=24064, 5m=4812, 15m=1604

[MTF] Filter Stats: 0/588 signals blocked (0.0%)
[MTF] CE blocked: 0, PE blocked: 0

[Backtest] Results saved to: /Users/bhoomidakshpc/Project_WebSocket/ClawWork/livebench/data/backtest/backtest_FINNIFTY_20260303_234339.json
    FINNIFTY: 101W/99L (50.5%) P&L: ₹4,526
  TOTALS: 287W/300L (48.8%) P&L: ₹9,708 Score: 33.2

Testing: permissive_Aggressive
  vol_multiplier: 1.1
  displacement_multiplier: 1.2
  swing_lookback: 9
  mss_swing_len: 2
[MTF] Mode set to: permissive
[MTF] Mode set to: permissive

============================================================
BACKTESTING BANKNIFTY - Last 90 days
============================================================

[Backtest] API unavailable - using simulated data for BANKNIFTY
[Backtest] Generated 4864 simulated candles for BANKNIFTY

[MTF] Building multi-timeframe data from 1m candles...
[Backtest] API unavailable - using simulated data for BANKNIFTY
[Backtest] Generated 24064 simulated candles for BANKNIFTY
[MTF] Built 1m/5m/15m candles: 1m=24064, 5m=4812, 15m=1604

[MTF] Filter Stats: 0/197 signals blocked (0.0%)
[MTF] CE blocked: 0, PE blocked: 0

[Backtest] Results saved to: /Users/bhoomidakshpc/Project_WebSocket/ClawWork/livebench/data/backtest/backtest_BANKNIFTY_20260303_234339.json
    BANKNIFTY: 98W/99L (49.8%) P&L: ₹7,422

============================================================
BACKTESTING NIFTY50 - Last 90 days
============================================================

[Backtest] API unavailable - using simulated data for NIFTY50
[Backtest] Generated 4864 simulated candles for NIFTY50

[MTF] Building multi-timeframe data from 1m candles...
[Backtest] API unavailable - using simulated data for NIFTY50
[Backtest] Generated 24064 simulated candles for NIFTY50
[MTF] Built 1m/5m/15m candles: 1m=24064, 5m=4812, 15m=1604

[MTF] Filter Stats: 0/388 signals blocked (0.0%)
[MTF] CE blocked: 0, PE blocked: 0

[Backtest] Results saved to: /Users/bhoomidakshpc/Project_WebSocket/ClawWork/livebench/data/backtest/backtest_NIFTY50_20260303_234340.json
    NIFTY50: 92W/99L (48.2%) P&L: ₹2,509

============================================================
BACKTESTING FINNIFTY - Last 90 days
============================================================

[Backtest] API unavailable - using simulated data for FINNIFTY
[Backtest] Generated 4864 simulated candles for FINNIFTY

[MTF] Building multi-timeframe data from 1m candles...
[Backtest] API unavailable - using simulated data for FINNIFTY
[Backtest] Generated 24064 simulated candles for FINNIFTY
[MTF] Built 1m/5m/15m candles: 1m=24064, 5m=4812, 15m=1604

[MTF] Filter Stats: 0/576 signals blocked (0.0%)
[MTF] CE blocked: 0, PE blocked: 0

[Backtest] Results saved to: /Users/bhoomidakshpc/Project_WebSocket/ClawWork/livebench/data/backtest/backtest_FINNIFTY_20260303_234341.json
    FINNIFTY: 95W/93L (50.5%) P&L: ₹2,543
  TOTALS: 285W/291L (49.5%) P&L: ₹12,475 Score: 34.7

Testing: permissive_Conservative
  vol_multiplier: 1.3
  displacement_multiplier: 1.4
  swing_lookback: 11
  mss_swing_len: 3
[MTF] Mode set to: permissive
[MTF] Mode set to: permissive

============================================================
BACKTESTING BANKNIFTY - Last 90 days
============================================================

[Backtest] API unavailable - using simulated data for BANKNIFTY
[Backtest] Generated 4864 simulated candles for BANKNIFTY

[MTF] Building multi-timeframe data from 1m candles...
[Backtest] API unavailable - using simulated data for BANKNIFTY
[Backtest] Generated 24064 simulated candles for BANKNIFTY
[MTF] Built 1m/5m/15m candles: 1m=24064, 5m=4812, 15m=1604

[MTF] Filter Stats: 0/192 signals blocked (0.0%)
[MTF] CE blocked: 0, PE blocked: 0

[Backtest] Results saved to: /Users/bhoomidakshpc/Project_WebSocket/ClawWork/livebench/data/backtest/backtest_BANKNIFTY_20260303_234341.json
    BANKNIFTY: 92W/100L (47.9%) P&L: ₹10,772

============================================================
BACKTESTING NIFTY50 - Last 90 days
============================================================

[Backtest] API unavailable - using simulated data for NIFTY50
[Backtest] Generated 4864 simulated candles for NIFTY50

[MTF] Building multi-timeframe data from 1m candles...
[Backtest] API unavailable - using simulated data for NIFTY50
[Backtest] Generated 24064 simulated candles for NIFTY50
[MTF] Built 1m/5m/15m candles: 1m=24064, 5m=4812, 15m=1604

[MTF] Filter Stats: 0/392 signals blocked (0.0%)
[MTF] CE blocked: 0, PE blocked: 0

[Backtest] Results saved to: /Users/bhoomidakshpc/Project_WebSocket/ClawWork/livebench/data/backtest/backtest_NIFTY50_20260303_234342.json
    NIFTY50: 97W/103L (48.5%) P&L: ₹2,038

============================================================
BACKTESTING FINNIFTY - Last 90 days
============================================================

[Backtest] API unavailable - using simulated data for FINNIFTY
[Backtest] Generated 4864 simulated candles for FINNIFTY

[MTF] Building multi-timeframe data from 1m candles...
[Backtest] API unavailable - using simulated data for FINNIFTY
[Backtest] Generated 24064 simulated candles for FINNIFTY
[MTF] Built 1m/5m/15m candles: 1m=24064, 5m=4812, 15m=1604

[MTF] Filter Stats: 0/582 signals blocked (0.0%)
[MTF] CE blocked: 0, PE blocked: 0

[Backtest] Results saved to: /Users/bhoomidakshpc/Project_WebSocket/ClawWork/livebench/data/backtest/backtest_FINNIFTY_20260303_234342.json
    FINNIFTY: 104W/86L (54.7%) P&L: ₹7,295
  TOTALS: 293W/289L (50.3%) P&L: ₹20,104 Score: 38.2

Testing: permissive_Phase1B
  vol_multiplier: 1.2
  displacement_multiplier: 1.3
  swing_lookback: 9
  mss_swing_len: 2
[MTF] Mode set to: permissive
[MTF] Mode set to: permissive

============================================================
BACKTESTING BANKNIFTY - Last 90 days
============================================================

[Backtest] API unavailable - using simulated data for BANKNIFTY
[Backtest] Generated 4864 simulated candles for BANKNIFTY

[MTF] Building multi-timeframe data from 1m candles...
[Backtest] API unavailable - using simulated data for BANKNIFTY
[Backtest] Generated 24064 simulated candles for BANKNIFTY
[MTF] Built 1m/5m/15m candles: 1m=24064, 5m=4812, 15m=1604

[MTF] Filter Stats: 0/190 signals blocked (0.0%)
[MTF] CE blocked: 0, PE blocked: 0

[Backtest] Results saved to: /Users/bhoomidakshpc/Project_WebSocket/ClawWork/livebench/data/backtest/backtest_BANKNIFTY_20260303_234343.json
    BANKNIFTY: 103W/87L (54.2%) P&L: ₹13,573

============================================================
BACKTESTING NIFTY50 - Last 90 days
============================================================

[Backtest] API unavailable - using simulated data for NIFTY50
[Backtest] Generated 4864 simulated candles for NIFTY50

[MTF] Building multi-timeframe data from 1m candles...
[Backtest] API unavailable - using simulated data for NIFTY50
[Backtest] Generated 24064 simulated candles for NIFTY50
[MTF] Built 1m/5m/15m candles: 1m=24064, 5m=4812, 15m=1604

[MTF] Filter Stats: 0/380 signals blocked (0.0%)
[MTF] CE blocked: 0, PE blocked: 0

[Backtest] Results saved to: /Users/bhoomidakshpc/Project_WebSocket/ClawWork/livebench/data/backtest/backtest_NIFTY50_20260303_234344.json
    NIFTY50: 95W/95L (50.0%) P&L: ₹4,840

============================================================
BACKTESTING FINNIFTY - Last 90 days
============================================================

[Backtest] API unavailable - using simulated data for FINNIFTY
[Backtest] Generated 4864 simulated candles for FINNIFTY

[MTF] Building multi-timeframe data from 1m candles...
[Backtest] API unavailable - using simulated data for FINNIFTY
[Backtest] Generated 24064 simulated candles for FINNIFTY
[MTF] Built 1m/5m/15m candles: 1m=24064, 5m=4812, 15m=1604

[MTF] Filter Stats: 0/577 signals blocked (0.0%)
[MTF] CE blocked: 0, PE blocked: 0

[Backtest] Results saved to: /Users/bhoomidakshpc/Project_WebSocket/ClawWork/livebench/data/backtest/backtest_FINNIFTY_20260303_234344.json
    FINNIFTY: 112W/85L (56.9%) P&L: ₹7,234
  TOTALS: 310W/267L (53.7%) P&L: ₹25,647 Score: 42.5

Testing: permissive_Balanced
  vol_multiplier: 1.15
  displacement_multiplier: 1.25
  swing_lookback: 10
  mss_swing_len: 3
[MTF] Mode set to: permissive
[MTF] Mode set to: permissive

============================================================
BACKTESTING BANKNIFTY - Last 90 days
============================================================

[Backtest] API unavailable - using simulated data for BANKNIFTY
[Backtest] Generated 4864 simulated candles for BANKNIFTY

[MTF] Building multi-timeframe data from 1m candles...
[Backtest] API unavailable - using simulated data for BANKNIFTY
[Backtest] Generated 24064 simulated candles for BANKNIFTY
[MTF] Built 1m/5m/15m candles: 1m=24064, 5m=4812, 15m=1604

[MTF] Filter Stats: 0/201 signals blocked (0.0%)
[MTF] CE blocked: 0, PE blocked: 0

[Backtest] Results saved to: /Users/bhoomidakshpc/Project_WebSocket/ClawWork/livebench/data/backtest/backtest_BANKNIFTY_20260303_234345.json
    BANKNIFTY: 101W/99L (50.2%) P&L: ₹10,461

============================================================
BACKTESTING NIFTY50 - Last 90 days
============================================================

[Backtest] API unavailable - using simulated data for NIFTY50
[Backtest] Generated 4864 simulated candles for NIFTY50

[MTF] Building multi-timeframe data from 1m candles...
[Backtest] API unavailable - using simulated data for NIFTY50
[Backtest] Generated 24064 simulated candles for NIFTY50
[MTF] Built 1m/5m/15m candles: 1m=24064, 5m=4812, 15m=1604

[MTF] Filter Stats: 0/398 signals blocked (0.0%)
[MTF] CE blocked: 0, PE blocked: 0

[Backtest] Results saved to: /Users/bhoomidakshpc/Project_WebSocket/ClawWork/livebench/data/backtest/backtest_NIFTY50_20260303_234346.json
    NIFTY50: 92W/104L (46.7%) P&L: ₹1,839

============================================================
BACKTESTING FINNIFTY - Last 90 days
============================================================

[Backtest] API unavailable - using simulated data for FINNIFTY
[Backtest] Generated 4864 simulated candles for FINNIFTY

[MTF] Building multi-timeframe data from 1m candles...
[Backtest] API unavailable - using simulated data for FINNIFTY
[Backtest] Generated 24064 simulated candles for FINNIFTY
[MTF] Built 1m/5m/15m candles: 1m=24064, 5m=4812, 15m=1604

[MTF] Filter Stats: 0/579 signals blocked (0.0%)
[MTF] CE blocked: 0, PE blocked: 0

[Backtest] Results saved to: /Users/bhoomidakshpc/Project_WebSocket/ClawWork/livebench/data/backtest/backtest_FINNIFTY_20260303_234346.json
    FINNIFTY: 97W/84L (53.6%) P&L: ₹6,745
  TOTALS: 290W/287L (50.1%) P&L: ₹19,045 Score: 37.7

================================================================================
TESTING MTF MODE: BALANCED
================================================================================


Testing: balanced_Phase1A
  vol_multiplier: 1.2
  displacement_multiplier: 1.3
  swing_lookback: 10
  mss_swing_len: 3
[MTF] Mode set to: permissive
[MTF] Mode set to: balanced

============================================================
BACKTESTING BANKNIFTY - Last 90 days
============================================================

[Backtest] API unavailable - using simulated data for BANKNIFTY
[Backtest] Generated 4864 simulated candles for BANKNIFTY

[MTF] Building multi-timeframe data from 1m candles...
[Backtest] API unavailable - using simulated data for BANKNIFTY
[Backtest] Generated 24064 simulated candles for BANKNIFTY
[MTF] Built 1m/5m/15m candles: 1m=24064, 5m=4812, 15m=1604

[MTF] Filter Stats: 36/220 signals blocked (16.4%)
[MTF] CE blocked: 36, PE blocked: 0

[Backtest] Results saved to: /Users/bhoomidakshpc/Project_WebSocket/ClawWork/livebench/data/backtest/backtest_BANKNIFTY_20260303_234347.json
    BANKNIFTY: 85W/99L (46.2%) P&L: ₹9,890

============================================================
BACKTESTING NIFTY50 - Last 90 days
============================================================

[Backtest] API unavailable - using simulated data for NIFTY50
[Backtest] Generated 4864 simulated candles for NIFTY50

[MTF] Building multi-timeframe data from 1m candles...
[Backtest] API unavailable - using simulated data for NIFTY50
[Backtest] Generated 24064 simulated candles for NIFTY50
[MTF] Built 1m/5m/15m candles: 1m=24064, 5m=4812, 15m=1604

[MTF] Filter Stats: 61/431 signals blocked (14.2%)
[MTF] CE blocked: 59, PE blocked: 2

[Backtest] Results saved to: /Users/bhoomidakshpc/Project_WebSocket/ClawWork/livebench/data/backtest/backtest_NIFTY50_20260303_234348.json
    NIFTY50: 90W/96L (48.4%) P&L: ₹5,326

============================================================
BACKTESTING FINNIFTY - Last 90 days
============================================================

[Backtest] API unavailable - using simulated data for FINNIFTY
[Backtest] Generated 4864 simulated candles for FINNIFTY

[MTF] Building multi-timeframe data from 1m candles...
[Backtest] API unavailable - using simulated data for FINNIFTY
[Backtest] Generated 24064 simulated candles for FINNIFTY
[MTF] Built 1m/5m/15m candles: 1m=24064, 5m=4812, 15m=1604

[MTF] Filter Stats: 61/624 signals blocked (9.8%)
[MTF] CE blocked: 59, PE blocked: 2

[Backtest] Results saved to: /Users/bhoomidakshpc/Project_WebSocket/ClawWork/livebench/data/backtest/backtest_FINNIFTY_20260303_234348.json
    FINNIFTY: 103W/90L (53.4%) P&L: ₹5,338
  TOTALS: 278W/285L (49.4%) P&L: ₹20,554 Score: 37.8

Testing: balanced_Aggressive
  vol_multiplier: 1.1
  displacement_multiplier: 1.2
  swing_lookback: 9
  mss_swing_len: 2
[MTF] Mode set to: permissive
[MTF] Mode set to: balanced

============================================================
BACKTESTING BANKNIFTY - Last 90 days
============================================================

[Backtest] API unavailable - using simulated data for BANKNIFTY
[Backtest] Generated 4864 simulated candles for BANKNIFTY

[MTF] Building multi-timeframe data from 1m candles...
[Backtest] API unavailable - using simulated data for BANKNIFTY
[Backtest] Generated 24064 simulated candles for BANKNIFTY
[MTF] Built 1m/5m/15m candles: 1m=24064, 5m=4812, 15m=1604

[MTF] Filter Stats: 1032/1140 signals blocked (90.5%)
[MTF] CE blocked: 1032, PE blocked: 0

[Backtest] Results saved to: /Users/bhoomidakshpc/Project_WebSocket/ClawWork/livebench/data/backtest/backtest_BANKNIFTY_20260303_234349.json
    BANKNIFTY: 54W/54L (50.0%) P&L: ₹4,939

============================================================
BACKTESTING NIFTY50 - Last 90 days
============================================================

[Backtest] API unavailable - using simulated data for NIFTY50
[Backtest] Generated 4864 simulated candles for NIFTY50

[MTF] Building multi-timeframe data from 1m candles...
[Backtest] API unavailable - using simulated data for NIFTY50
[Backtest] Generated 24064 simulated candles for NIFTY50
[MTF] Built 1m/5m/15m candles: 1m=24064, 5m=4812, 15m=1604

[MTF] Filter Stats: 1044/1346 signals blocked (77.6%)
[MTF] CE blocked: 1044, PE blocked: 0

[Backtest] Results saved to: /Users/bhoomidakshpc/Project_WebSocket/ClawWork/livebench/data/backtest/backtest_NIFTY50_20260303_234350.json
    NIFTY50: 107W/87L (55.1%) P&L: ₹5,919

============================================================
BACKTESTING FINNIFTY - Last 90 days
============================================================

[Backtest] API unavailable - using simulated data for FINNIFTY
[Backtest] Generated 4864 simulated candles for FINNIFTY

[MTF] Building multi-timeframe data from 1m candles...
[Backtest] API unavailable - using simulated data for FINNIFTY
[Backtest] Generated 24064 simulated candles for FINNIFTY
[MTF] Built 1m/5m/15m candles: 1m=24064, 5m=4812, 15m=1604

[MTF] Filter Stats: 1044/1549 signals blocked (67.4%)
[MTF] CE blocked: 1044, PE blocked: 0

[Backtest] Results saved to: /Users/bhoomidakshpc/Project_WebSocket/ClawWork/livebench/data/backtest/backtest_FINNIFTY_20260303_234350.json
    FINNIFTY: 93W/110L (45.8%) P&L: ₹1,562
  TOTALS: 254W/251L (50.3%) P&L: ₹12,420 Score: 35.1

Testing: balanced_Conservative
  vol_multiplier: 1.3
  displacement_multiplier: 1.4
  swing_lookback: 11
  mss_swing_len: 3
[MTF] Mode set to: permissive
[MTF] Mode set to: balanced

============================================================
BACKTESTING BANKNIFTY - Last 90 days
============================================================

[Backtest] API unavailable - using simulated data for BANKNIFTY
[Backtest] Generated 4864 simulated candles for BANKNIFTY

[MTF] Building multi-timeframe data from 1m candles...
[Backtest] API unavailable - using simulated data for BANKNIFTY
[Backtest] Generated 24064 simulated candles for BANKNIFTY
[MTF] Built 1m/5m/15m candles: 1m=24064, 5m=4812, 15m=1604

[MTF] Filter Stats: 0/193 signals blocked (0.0%)
[MTF] CE blocked: 0, PE blocked: 0

[Backtest] Results saved to: /Users/bhoomidakshpc/Project_WebSocket/ClawWork/livebench/data/backtest/backtest_BANKNIFTY_20260303_234351.json
    BANKNIFTY: 97W/96L (50.3%) P&L: ₹6,450

============================================================
BACKTESTING NIFTY50 - Last 90 days
============================================================

[Backtest] API unavailable - using simulated data for NIFTY50
[Backtest] Generated 4864 simulated candles for NIFTY50

[MTF] Building multi-timeframe data from 1m candles...
[Backtest] API unavailable - using simulated data for NIFTY50
[Backtest] Generated 24064 simulated candles for NIFTY50
[MTF] Built 1m/5m/15m candles: 1m=24064, 5m=4812, 15m=1604

[MTF] Filter Stats: 40/425 signals blocked (9.4%)
[MTF] CE blocked: 34, PE blocked: 6

[Backtest] Results saved to: /Users/bhoomidakshpc/Project_WebSocket/ClawWork/livebench/data/backtest/backtest_NIFTY50_20260303_234352.json
    NIFTY50: 94W/98L (49.0%) P&L: ₹1,407

============================================================
BACKTESTING FINNIFTY - Last 90 days
============================================================

[Backtest] API unavailable - using simulated data for FINNIFTY
[Backtest] Generated 4864 simulated candles for FINNIFTY

[MTF] Building multi-timeframe data from 1m candles...
[Backtest] API unavailable - using simulated data for FINNIFTY
[Backtest] Generated 24064 simulated candles for FINNIFTY
[MTF] Built 1m/5m/15m candles: 1m=24064, 5m=4812, 15m=1604

[MTF] Filter Stats: 1141/1635 signals blocked (69.8%)
[MTF] CE blocked: 1135, PE blocked: 6

[Backtest] Results saved to: /Users/bhoomidakshpc/Project_WebSocket/ClawWork/livebench/data/backtest/backtest_FINNIFTY_20260303_234353.json
    FINNIFTY: 56W/53L (51.4%) P&L: ₹2,490
  TOTALS: 247W/247L (50.0%) P&L: ₹10,346 Score: 34.1

Testing: balanced_Phase1B
  vol_multiplier: 1.2
  displacement_multiplier: 1.3
  swing_lookback: 9
  mss_swing_len: 2
[MTF] Mode set to: permissive
[MTF] Mode set to: balanced

============================================================
BACKTESTING BANKNIFTY - Last 90 days
============================================================

[Backtest] API unavailable - using simulated data for BANKNIFTY
[Backtest] Generated 4864 simulated candles for BANKNIFTY

[MTF] Building multi-timeframe data from 1m candles...
[Backtest] API unavailable - using simulated data for BANKNIFTY
[Backtest] Generated 24064 simulated candles for BANKNIFTY
[MTF] Built 1m/5m/15m candles: 1m=24064, 5m=4812, 15m=1604

[MTF] Filter Stats: 14/204 signals blocked (6.9%)
[MTF] CE blocked: 14, PE blocked: 0

[Backtest] Results saved to: /Users/bhoomidakshpc/Project_WebSocket/ClawWork/livebench/data/backtest/backtest_BANKNIFTY_20260303_234353.json
    BANKNIFTY: 99W/91L (52.1%) P&L: ₹8,049

============================================================
BACKTESTING NIFTY50 - Last 90 days
============================================================

[Backtest] API unavailable - using simulated data for NIFTY50
[Backtest] Generated 4864 simulated candles for NIFTY50

[MTF] Building multi-timeframe data from 1m candles...
[Backtest] API unavailable - using simulated data for NIFTY50
[Backtest] Generated 24064 simulated candles for NIFTY50
[MTF] Built 1m/5m/15m candles: 1m=24064, 5m=4812, 15m=1604

[MTF] Filter Stats: 29/403 signals blocked (7.2%)
[MTF] CE blocked: 23, PE blocked: 6

[Backtest] Results saved to: /Users/bhoomidakshpc/Project_WebSocket/ClawWork/livebench/data/backtest/backtest_NIFTY50_20260303_234354.json
    NIFTY50: 92W/92L (50.0%) P&L: ₹-303

============================================================
BACKTESTING FINNIFTY - Last 90 days
============================================================

[Backtest] API unavailable - using simulated data for FINNIFTY
[Backtest] Generated 4864 simulated candles for FINNIFTY

[MTF] Building multi-timeframe data from 1m candles...
[Backtest] API unavailable - using simulated data for FINNIFTY
[Backtest] Generated 24064 simulated candles for FINNIFTY
[MTF] Built 1m/5m/15m candles: 1m=24064, 5m=4812, 15m=1604

[MTF] Filter Stats: 51/617 signals blocked (8.3%)
[MTF] CE blocked: 45, PE blocked: 6

[Backtest] Results saved to: /Users/bhoomidakshpc/Project_WebSocket/ClawWork/livebench/data/backtest/backtest_FINNIFTY_20260303_234355.json
    FINNIFTY: 103W/89L (53.6%) P&L: ₹3,883
  TOTALS: 294W/272L (51.9%) P&L: ₹11,630 Score: 35.8

Testing: balanced_Balanced
  vol_multiplier: 1.15
  displacement_multiplier: 1.25
  swing_lookback: 10
  mss_swing_len: 3
[MTF] Mode set to: permissive
[MTF] Mode set to: balanced

============================================================
BACKTESTING BANKNIFTY - Last 90 days
============================================================

[Backtest] API unavailable - using simulated data for BANKNIFTY
[Backtest] Generated 4864 simulated candles for BANKNIFTY

[MTF] Building multi-timeframe data from 1m candles...
[Backtest] API unavailable - using simulated data for BANKNIFTY
[Backtest] Generated 24064 simulated candles for BANKNIFTY
[MTF] Built 1m/5m/15m candles: 1m=24064, 5m=4812, 15m=1604

[MTF] Filter Stats: 1059/1154 signals blocked (91.8%)
[MTF] CE blocked: 1059, PE blocked: 0

[Backtest] Results saved to: /Users/bhoomidakshpc/Project_WebSocket/ClawWork/livebench/data/backtest/backtest_BANKNIFTY_20260303_234355.json
    BANKNIFTY: 42W/53L (44.2%) P&L: ₹1,047

============================================================
BACKTESTING NIFTY50 - Last 90 days
============================================================

[Backtest] API unavailable - using simulated data for NIFTY50
[Backtest] Generated 4864 simulated candles for NIFTY50

[MTF] Building multi-timeframe data from 1m candles...
[Backtest] API unavailable - using simulated data for NIFTY50
[Backtest] Generated 24064 simulated candles for NIFTY50
[MTF] Built 1m/5m/15m candles: 1m=24064, 5m=4812, 15m=1604

[MTF] Filter Stats: 1100/1380 signals blocked (79.7%)
[MTF] CE blocked: 1100, PE blocked: 0

[Backtest] Results saved to: /Users/bhoomidakshpc/Project_WebSocket/ClawWork/livebench/data/backtest/backtest_NIFTY50_20260303_234356.json
    NIFTY50: 90W/95L (48.6%) P&L: ₹4,208

============================================================
BACKTESTING FINNIFTY - Last 90 days
============================================================

[Backtest] API unavailable - using simulated data for FINNIFTY
[Backtest] Generated 4864 simulated candles for FINNIFTY

[MTF] Building multi-timeframe data from 1m candles...
[Backtest] API unavailable - using simulated data for FINNIFTY
[Backtest] Generated 24064 simulated candles for FINNIFTY
[MTF] Built 1m/5m/15m candles: 1m=24064, 5m=4812, 15m=1604

[MTF] Filter Stats: 1115/1589 signals blocked (70.2%)
[MTF] CE blocked: 1115, PE blocked: 0

[Backtest] Results saved to: /Users/bhoomidakshpc/Project_WebSocket/ClawWork/livebench/data/backtest/backtest_FINNIFTY_20260303_234357.json
    FINNIFTY: 95W/99L (49.0%) P&L: ₹3,315
  TOTALS: 227W/247L (47.9%) P&L: ₹8,570 Score: 32.2

================================================================================
TESTING MTF MODE: STRICT
================================================================================


Testing: strict_Phase1A
  vol_multiplier: 1.2
  displacement_multiplier: 1.3
  swing_lookback: 10
  mss_swing_len: 3
[MTF] Mode set to: permissive
[MTF] Mode set to: strict

============================================================
BACKTESTING BANKNIFTY - Last 90 days
============================================================

[Backtest] API unavailable - using simulated data for BANKNIFTY
[Backtest] Generated 4864 simulated candles for BANKNIFTY

[MTF] Building multi-timeframe data from 1m candles...
[Backtest] API unavailable - using simulated data for BANKNIFTY
[Backtest] Generated 24064 simulated candles for BANKNIFTY
[MTF] Built 1m/5m/15m candles: 1m=24064, 5m=4812, 15m=1604

[MTF] Filter Stats: 1133/1235 signals blocked (91.7%)
[MTF] CE blocked: 1133, PE blocked: 0

[Backtest] Results saved to: /Users/bhoomidakshpc/Project_WebSocket/ClawWork/livebench/data/backtest/backtest_BANKNIFTY_20260303_234358.json
    BANKNIFTY: 43W/59L (42.2%) P&L: ₹1,150

============================================================
BACKTESTING NIFTY50 - Last 90 days
============================================================

[Backtest] API unavailable - using simulated data for NIFTY50
[Backtest] Generated 4864 simulated candles for NIFTY50

[MTF] Building multi-timeframe data from 1m candles...
[Backtest] API unavailable - using simulated data for NIFTY50
[Backtest] Generated 24064 simulated candles for NIFTY50
[MTF] Built 1m/5m/15m candles: 1m=24064, 5m=4812, 15m=1604

[MTF] Filter Stats: 2279/2466 signals blocked (92.4%)
[MTF] CE blocked: 1584, PE blocked: 695

[Backtest] Results saved to: /Users/bhoomidakshpc/Project_WebSocket/ClawWork/livebench/data/backtest/backtest_NIFTY50_20260303_234359.json
    NIFTY50: 43W/42L (50.6%) P&L: ₹1,602

============================================================
BACKTESTING FINNIFTY - Last 90 days
============================================================

[Backtest] API unavailable - using simulated data for FINNIFTY
[Backtest] Generated 4864 simulated candles for FINNIFTY

[MTF] Building multi-timeframe data from 1m candles...
[Backtest] API unavailable - using simulated data for FINNIFTY
[Backtest] Generated 24064 simulated candles for FINNIFTY
[MTF] Built 1m/5m/15m candles: 1m=24064, 5m=4812, 15m=1604

[MTF] Filter Stats: 4053/4279 signals blocked (94.7%)
[MTF] CE blocked: 2842, PE blocked: 1211

[Backtest] Results saved to: /Users/bhoomidakshpc/Project_WebSocket/ClawWork/livebench/data/backtest/backtest_FINNIFTY_20260303_234400.json
    FINNIFTY: 9W/30L (23.1%) P&L: ₹-5,033
  TOTALS: 95W/131L (42.0%) P&L: ₹-2,280 Score: 24.3

Testing: strict_Aggressive
  vol_multiplier: 1.1
  displacement_multiplier: 1.2
  swing_lookback: 9
  mss_swing_len: 2
[MTF] Mode set to: permissive
[MTF] Mode set to: strict

============================================================
BACKTESTING BANKNIFTY - Last 90 days
============================================================

[Backtest] API unavailable - using simulated data for BANKNIFTY
[Backtest] Generated 4864 simulated candles for BANKNIFTY

[MTF] Building multi-timeframe data from 1m candles...
[Backtest] API unavailable - using simulated data for BANKNIFTY
[Backtest] Generated 24064 simulated candles for BANKNIFTY
[MTF] Built 1m/5m/15m candles: 1m=24064, 5m=4812, 15m=1604

[MTF] Filter Stats: 1717/1767 signals blocked (97.2%)
[MTF] CE blocked: 1118, PE blocked: 599

[Backtest] Results saved to: /Users/bhoomidakshpc/Project_WebSocket/ClawWork/livebench/data/backtest/backtest_BANKNIFTY_20260303_234401.json
    BANKNIFTY: 19W/31L (38.0%) P&L: ₹-11,293

============================================================
BACKTESTING NIFTY50 - Last 90 days
============================================================

[Backtest] API unavailable - using simulated data for NIFTY50
[Backtest] Generated 4864 simulated candles for NIFTY50

[MTF] Building multi-timeframe data from 1m candles...
[Backtest] API unavailable - using simulated data for NIFTY50
[Backtest] Generated 24064 simulated candles for NIFTY50
[MTF] Built 1m/5m/15m candles: 1m=24064, 5m=4812, 15m=1604

[MTF] Filter Stats: 2796/2928 signals blocked (95.5%)
[MTF] CE blocked: 1578, PE blocked: 1218

[Backtest] Results saved to: /Users/bhoomidakshpc/Project_WebSocket/ClawWork/livebench/data/backtest/backtest_NIFTY50_20260303_234401.json
    NIFTY50: 43W/39L (52.4%) P&L: ₹457

============================================================
BACKTESTING FINNIFTY - Last 90 days
============================================================

[Backtest] API unavailable - using simulated data for FINNIFTY
[Backtest] Generated 4864 simulated candles for FINNIFTY

[MTF] Building multi-timeframe data from 1m candles...
[Backtest] API unavailable - using simulated data for FINNIFTY
[Backtest] Generated 24064 simulated candles for FINNIFTY
[MTF] Built 1m/5m/15m candles: 1m=24064, 5m=4812, 15m=1604

[MTF] Filter Stats: 4194/4399 signals blocked (95.3%)
[MTF] CE blocked: 2684, PE blocked: 1510

[Backtest] Results saved to: /Users/bhoomidakshpc/Project_WebSocket/ClawWork/livebench/data/backtest/backtest_FINNIFTY_20260303_234402.json
    FINNIFTY: 38W/35L (52.0%) P&L: ₹90
  TOTALS: 100W/105L (48.8%) P&L: ₹-10,746 Score: 25.0

Testing: strict_Conservative
  vol_multiplier: 1.3
  displacement_multiplier: 1.4
  swing_lookback: 11
  mss_swing_len: 3
[MTF] Mode set to: permissive
[MTF] Mode set to: strict

============================================================
BACKTESTING BANKNIFTY - Last 90 days
============================================================

[Backtest] API unavailable - using simulated data for BANKNIFTY
[Backtest] Generated 4864 simulated candles for BANKNIFTY

[MTF] Building multi-timeframe data from 1m candles...
[Backtest] API unavailable - using simulated data for BANKNIFTY
[Backtest] Generated 24064 simulated candles for BANKNIFTY
[MTF] Built 1m/5m/15m candles: 1m=24064, 5m=4812, 15m=1604

[MTF] Filter Stats: 1268/1347 signals blocked (94.1%)
[MTF] CE blocked: 945, PE blocked: 323

[Backtest] Results saved to: /Users/bhoomidakshpc/Project_WebSocket/ClawWork/livebench/data/backtest/backtest_BANKNIFTY_20260303_234403.json
    BANKNIFTY: 37W/42L (46.8%) P&L: ₹-2,364

============================================================
BACKTESTING NIFTY50 - Last 90 days
============================================================

[Backtest] API unavailable - using simulated data for NIFTY50
[Backtest] Generated 4864 simulated candles for NIFTY50

[MTF] Building multi-timeframe data from 1m candles...
[Backtest] API unavailable - using simulated data for NIFTY50
[Backtest] Generated 24064 simulated candles for NIFTY50
[MTF] Built 1m/5m/15m candles: 1m=24064, 5m=4812, 15m=1604

[MTF] Filter Stats: 3094/3221 signals blocked (96.1%)
[MTF] CE blocked: 2196, PE blocked: 898

[Backtest] Results saved to: /Users/bhoomidakshpc/Project_WebSocket/ClawWork/livebench/data/backtest/backtest_NIFTY50_20260303_234404.json
    NIFTY50: 14W/34L (29.2%) P&L: ₹-6,310

============================================================
BACKTESTING FINNIFTY - Last 90 days
============================================================

[Backtest] API unavailable - using simulated data for FINNIFTY
[Backtest] Generated 4864 simulated candles for FINNIFTY

[MTF] Building multi-timeframe data from 1m candles...
[Backtest] API unavailable - using simulated data for FINNIFTY
[Backtest] Generated 24064 simulated candles for FINNIFTY
[MTF] Built 1m/5m/15m candles: 1m=24064, 5m=4812, 15m=1604

[MTF] Filter Stats: 4699/4872 signals blocked (96.4%)
[MTF] CE blocked: 3133, PE blocked: 1566

[Backtest] Results saved to: /Users/bhoomidakshpc/Project_WebSocket/ClawWork/livebench/data/backtest/backtest_FINNIFTY_20260303_234405.json
    FINNIFTY: 19W/27L (41.3%) P&L: ₹-4,150
  TOTALS: 70W/103L (40.5%) P&L: ₹-12,823 Score: 19.1

Testing: strict_Phase1B
  vol_multiplier: 1.2
  displacement_multiplier: 1.3
  swing_lookback: 9
  mss_swing_len: 2
[MTF] Mode set to: permissive
[MTF] Mode set to: strict

============================================================
BACKTESTING BANKNIFTY - Last 90 days
============================================================

[Backtest] API unavailable - using simulated data for BANKNIFTY
[Backtest] Generated 4864 simulated candles for BANKNIFTY

[MTF] Building multi-timeframe data from 1m candles...
[Backtest] API unavailable - using simulated data for BANKNIFTY
[Backtest] Generated 24064 simulated candles for BANKNIFTY
[MTF] Built 1m/5m/15m candles: 1m=24064, 5m=4812, 15m=1604

[MTF] Filter Stats: 1657/1711 signals blocked (96.8%)
[MTF] CE blocked: 1203, PE blocked: 454

[Backtest] Results saved to: /Users/bhoomidakshpc/Project_WebSocket/ClawWork/livebench/data/backtest/backtest_BANKNIFTY_20260303_234406.json
    BANKNIFTY: 18W/36L (33.3%) P&L: ₹-12,215

============================================================
BACKTESTING NIFTY50 - Last 90 days
============================================================

[Backtest] API unavailable - using simulated data for NIFTY50
[Backtest] Generated 4864 simulated candles for NIFTY50

[MTF] Building multi-timeframe data from 1m candles...
[Backtest] API unavailable - using simulated data for NIFTY50
[Backtest] Generated 24064 simulated candles for NIFTY50
[MTF] Built 1m/5m/15m candles: 1m=24064, 5m=4812, 15m=1604

[MTF] Filter Stats: 3394/3495 signals blocked (97.1%)
[MTF] CE blocked: 2359, PE blocked: 1035

[Backtest] Results saved to: /Users/bhoomidakshpc/Project_WebSocket/ClawWork/livebench/data/backtest/backtest_NIFTY50_20260303_234408.json
    NIFTY50: 15W/32L (31.9%) P&L: ₹-6,101

============================================================
BACKTESTING FINNIFTY - Last 90 days
============================================================

[Backtest] API unavailable - using simulated data for FINNIFTY
[Backtest] Generated 4864 simulated candles for FINNIFTY

[MTF] Building multi-timeframe data from 1m candles...
[Backtest] API unavailable - using simulated data for FINNIFTY
[Backtest] Generated 24064 simulated candles for FINNIFTY
[MTF] Built 1m/5m/15m candles: 1m=24064, 5m=4812, 15m=1604

[MTF] Filter Stats: 5124/5264 signals blocked (97.3%)
[MTF] CE blocked: 3493, PE blocked: 1631

[Backtest] Results saved to: /Users/bhoomidakshpc/Project_WebSocket/ClawWork/livebench/data/backtest/backtest_FINNIFTY_20260303_234409.json
    FINNIFTY: 14W/25L (35.9%) P&L: ₹-2,715
  TOTALS: 47W/93L (33.6%) P&L: ₹-21,031 Score: 11.7

Testing: strict_Balanced
  vol_multiplier: 1.15
  displacement_multiplier: 1.25
  swing_lookback: 10
  mss_swing_len: 3
[MTF] Mode set to: permissive
[MTF] Mode set to: strict

============================================================
BACKTESTING BANKNIFTY - Last 90 days
============================================================

[Backtest] API unavailable - using simulated data for BANKNIFTY
[Backtest] Generated 4864 simulated candles for BANKNIFTY

[MTF] Building multi-timeframe data from 1m candles...
[Backtest] API unavailable - using simulated data for BANKNIFTY
[Backtest] Generated 24064 simulated candles for BANKNIFTY
[MTF] Built 1m/5m/15m candles: 1m=24064, 5m=4812, 15m=1604

[MTF] Filter Stats: 1574/1620 signals blocked (97.2%)
[MTF] CE blocked: 1062, PE blocked: 512

[Backtest] Results saved to: /Users/bhoomidakshpc/Project_WebSocket/ClawWork/livebench/data/backtest/backtest_BANKNIFTY_20260303_234410.json
    BANKNIFTY: 14W/32L (30.4%) P&L: ₹-12,965

============================================================
BACKTESTING NIFTY50 - Last 90 days
============================================================

[Backtest] API unavailable - using simulated data for NIFTY50
[Backtest] Generated 4864 simulated candles for NIFTY50

[MTF] Building multi-timeframe data from 1m candles...
[Backtest] API unavailable - using simulated data for NIFTY50
[Backtest] Generated 24064 simulated candles for NIFTY50
[MTF] Built 1m/5m/15m candles: 1m=24064, 5m=4812, 15m=1604

[MTF] Filter Stats: 3245/3345 signals blocked (97.0%)
[MTF] CE blocked: 2260, PE blocked: 985

[Backtest] Results saved to: /Users/bhoomidakshpc/Project_WebSocket/ClawWork/livebench/data/backtest/backtest_NIFTY50_20260303_234411.json
    NIFTY50: 21W/33L (38.9%) P&L: ₹-7,178

============================================================
BACKTESTING FINNIFTY - Last 90 days
============================================================

[Backtest] API unavailable - using simulated data for FINNIFTY
[Backtest] Generated 4864 simulated candles for FINNIFTY

[MTF] Building multi-timeframe data from 1m candles...
[Backtest] API unavailable - using simulated data for FINNIFTY
[Backtest] Generated 24064 simulated candles for FINNIFTY
[MTF] Built 1m/5m/15m candles: 1m=24064, 5m=4812, 15m=1604

[MTF] Filter Stats: 4665/4841 signals blocked (96.4%)
[MTF] CE blocked: 3455, PE blocked: 1210

[Backtest] Results saved to: /Users/bhoomidakshpc/Project_WebSocket/ClawWork/livebench/data/backtest/backtest_FINNIFTY_20260303_234412.json
    FINNIFTY: 39W/37L (51.3%) P&L: ₹49
  TOTALS: 74W/102L (42.0%) P&L: ₹-20,093 Score: 17.2

================================================================================
OPTIMIZATION RESULTS - TOP 5 CONFIGURATIONS
================================================================================

1. permissive_Phase1B
   MTF Mode: permissive
   Parameters: vol=1.2, disp=1.3, swing=9, mss=2
   Performance: 310W/267L (53.7%) P&L: ₹25,647
   Composite Score: 42.5

2. permissive_Conservative
   MTF Mode: permissive
   Parameters: vol=1.3, disp=1.4, swing=11, mss=3
   Performance: 293W/289L (50.3%) P&L: ₹20,104
   Composite Score: 38.2

3. balanced_Phase1A
   MTF Mode: balanced
   Parameters: vol=1.2, disp=1.3, swing=10, mss=3
   Performance: 278W/285L (49.4%) P&L: ₹20,554
   Composite Score: 37.8

4. permissive_Balanced
   MTF Mode: permissive
   Parameters: vol=1.15, disp=1.25, swing=10, mss=3
   Performance: 290W/287L (50.1%) P&L: ₹19,045
   Composite Score: 37.7

5. balanced_Phase1B
   MTF Mode: balanced
   Parameters: vol=1.2, disp=1.3, swing=9, mss=2
   Performance: 294W/272L (51.9%) P&L: ₹11,630
   Composite Score: 35.8

================================================================================
RECOMMENDED CONFIGURATION (HIGHEST SCORE)
================================================================================

MTF Mode: permissive
vol_multiplier: 1.2
displacement_multiplier: 1.3
swing_lookback: 9
mss_swing_len: 2

Expected Performance:
  Win Rate: 53.7%
  Total P&L: ₹25,647
  Total Trades: 577

[✓] Results saved to ict_optimization_results.json

