[0;34m╔════════════════════════════════════════════════════════════╗[0m
[0;34m║   Paper Trading Integration - Phase 1B Config             ║[0m
[0;34m║   Live Dashboard: http://localhost:3001                       ║[0m
[0;34m╚════════════════════════════════════════════════════════════╝[0m
[0;34mChecking ports...[0m
[0;34mStarting FastAPI server on port 8001...[0m
[0;32m✓ API Server PID: 61965[0m
[1;33m⏳ Waiting for API Server to be ready...[0m
[0;32m✓ API Server is ready (1s)[0m
[0;34mStarting React frontend on port 3001...[0m
[0;32m✓ Frontend PID: 62081[0m
[1;33m⏳ Waiting for Frontend to be ready...[0m
[0;32m✓ Frontend is ready (1s)[0m
[0;34mStarting Paper Trading Runner...[0m
[0;32m✓ Paper Trading Runner PID: 62222[0m
[0;32m╔════════════════════════════════════════════════════════════╗[0m
[0;32m║   ✓ All Systems Running                                   ║[0m
[0;32m╠════════════════════════════════════════════════════════════╣[0m
[0;32m║   📊 Dashboard:    http://localhost:3001           ║[0m
[0;32m║   🔧 API Server:   http://localhost:8001/api/          ║[0m
[0;32m║   📝 Logs:        /Users/bhoomidakshpc/Project_WebSocket/ClawWork_FyersN7/ClawWork/logs/*.log  ║[0m
[0;32m║                                                            ║[0m
[0;32m║   Phase 1B Config Active:                                 ║[0m
[0;32m║   • swing_lookback=9                                       ║[0m
[0;32m║   • mss_swing_len=2                                        ║[0m
[0;32m║   • vol_multiplier=1.2                                     ║[0m
[0;32m║   • displacement_multiplier=1.3                            ║[0m
[0;32m║   • confidence_gate=0.70                                   ║[0m
[0;32m║                                                            ║[0m
[0;32m║   Press Ctrl+C to shutdown all services                   ║[0m
[0;32m╚════════════════════════════════════════════════════════════╝[0m
./start_paper_trading.sh: line 168: 61965 Killed: 9               python3  > "$API_LOG" 2>&1 <<'EOF'
import os
import sys
sys.path.insert(0, os.getcwd())

# Set environment
os.environ["API_PORT"] = os.environ.get("API_PORT", "8001")

# Import and run
from api.server import app
import uvicorn

port = int(os.environ.get("API_PORT", 8001))
print(f"Starting FastAPI server on port {port}...")
uvicorn.run(app, host="0.0.0.0", port=port)
EOF
  (wd: ~/Project_WebSocket/ClawWork_FyersN7/ClawWork/livebench)
[0;31m✗ A process died (PID: 61965)[0m
[1;33m⏹️  Shutting down paper trading system...[0m
[0;31m✓ Shutdown complete[0m
