
╔══════════════════════════════════════════════════════════════════╗
║              SCALPING SYSTEM LAUNCHER                            ║
╠══════════════════════════════════════════════════════════════════╣
║  Mode: DRY RUN                                           ║
║  Interval: 5.0s                                              ║
║  Respect Hours: True                                       ║
║  Market: 9:15 AM - 3:30 PM IST                                   ║
╚══════════════════════════════════════════════════════════════════╝
        

╔══════════════════════════════════════════════════════════════════╗
║         SCALPING ENGINE - 18 AGENT AUTONOMOUS SYSTEM             ║
╠══════════════════════════════════════════════════════════════════╣
║  Mode: DRY RUN                                           ║
║  Indices: NIFTY50, BANKNIFTY, SENSEX                   ║
║  Capital: ₹100,000                                          ║
║  Risk/Trade: 5.0%                                           ║
║  Daily Limit: 10.0%                                          ║
╠══════════════════════════════════════════════════════════════════╣
║  18 Agents Initialized:                                           ║
║    Data Layer:     Feed, Chain, Futures, LatencyGuard (4)        ║
║    Analysis Layer: Regime, Structure, Momentum, Trap, Strike (5) ║
║    Risk Layer:     Liquidity, RiskGuard, CorrelationGuard (3)    ║
║    Execution Layer: Meta, Entry, Exit, Position (4)              ║
║    Learning Layer: QuantLearner, StrategyOptimizer (2)           ║
╚══════════════════════════════════════════════════════════════════╝
        

[Cycle 1] Phase 1: Data Collection...
[Cycle 1] Phase 2: Market Regime Detection...
[Cycle 1] Phase 3: Analysis...
[Cycle 1] Phase 4: Risk Layer...
[Cycle 1] Phase 5: Execution...
[Cycle 1] Phase 6: Learning...

┌────────────────────────────────────────────────────────────────┐
│ Cycle 1 Complete (92.67s)                              │
├────────────────────────────────────────────────────────────────┤
│  Data: 3 symbols fetched                              │
│  Latency: 22% healthy (✓ OK)                       │
│  Regime: NSE::RANG, NSE::RANG                              │
│  Momentum: 3 strong signals (✓ READY)                │
│  Structure: 1 breaks detected                          │
│  Liquidity: 100% healthy, 0 illiquid filtered    │
│  Entries: 0 (DRY RUN)                                   │
│  Positions: 0 open, P&L: ₹0.00                 │
│  Risk: ✓ CLEAR                                      │
└────────────────────────────────────────────────────────────────┘

[Cycle 2] Phase 1: Data Collection...
[Cycle 2] Phase 2: Market Regime Detection...
[Cycle 2] Phase 3: Analysis...
[Cycle 2] Phase 4: Risk Layer...
[Cycle 2] Phase 5: Execution...

┌────────────────────────────────────────────────────────────────┐
│ Cycle 2 Complete (60.60s)                              │
├────────────────────────────────────────────────────────────────┤
│  Data: 3 symbols fetched                              │
│  Latency: 11% healthy (✓ OK)                       │
│  Regime: NSE::RANG, NSE::RANG                              │
│  Momentum: 3 strong signals (✓ READY)                │
│  Structure: 0 breaks detected                          │
│  Liquidity: 100% healthy, 0 illiquid filtered    │
│  Entries: 0 (DRY RUN)                                   │
│  Positions: 0 open, P&L: ₹0.00                 │
│  Risk: ✓ CLEAR                                      │
└────────────────────────────────────────────────────────────────┘

[Cycle 3] Phase 1: Data Collection...
[Cycle 3] Phase 2: Market Regime Detection...
[Cycle 3] Phase 3: Analysis...
[Cycle 3] Phase 4: Risk Layer...
[Cycle 3] Phase 5: Execution...

┌────────────────────────────────────────────────────────────────┐
│ Cycle 3 Complete (116.70s)                              │
├────────────────────────────────────────────────────────────────┤
│  Data: 3 symbols fetched                              │
│  Latency: 11% healthy (✓ OK)                       │
│  Regime: NSE::RANG, NSE::RANG                              │
│  Momentum: 3 strong signals (✓ READY)                │
│  Structure: 0 breaks detected                          │
│  Liquidity: 100% healthy, 0 illiquid filtered    │
│  Entries: 0 (DRY RUN)                                   │
│  Positions: 0 open, P&L: ₹0.00                 │
│  Risk: ✓ CLEAR                                      │
└────────────────────────────────────────────────────────────────┘

[Cycle 4] Phase 1: Data Collection...
[Cycle 4] Phase 2: Market Regime Detection...
[Cycle 4] Phase 3: Analysis...
[Cycle 4] Phase 4: Risk Layer...
[Cycle 4] Phase 5: Execution...

┌────────────────────────────────────────────────────────────────┐
│ Cycle 4 Complete (97.59s)                              │
├────────────────────────────────────────────────────────────────┤
│  Data: 3 symbols fetched                              │
│  Latency: 11% healthy (✓ OK)                       │
│  Regime: NSE::RANG, NSE::RANG                              │
│  Momentum: 3 strong signals (✓ READY)                │
│  Structure: 0 breaks detected                          │
│  Liquidity: 100% healthy, 0 illiquid filtered    │
│  Entries: 0 (DRY RUN)                                   │
│  Positions: 0 open, P&L: ₹0.00                 │
│  Risk: ✓ CLEAR                                      │
└────────────────────────────────────────────────────────────────┘

[Cycle 5] Phase 1: Data Collection...
[Cycle 5] Phase 2: Market Regime Detection...
[Cycle 5] Phase 3: Analysis...
[Cycle 5] Phase 4: Risk Layer...
[Cycle 5] Phase 5: Execution...

┌────────────────────────────────────────────────────────────────┐
│ Cycle 5 Complete (100.46s)                              │
├────────────────────────────────────────────────────────────────┤
│  Data: 3 symbols fetched                              │
│  Latency: 22% healthy (✓ OK)                       │
│  Regime: NSE::RANG, NSE::RANG                              │
│  Momentum: 3 strong signals (✓ READY)                │
│  Structure: 1 breaks detected                          │
│  Liquidity: 100% healthy, 0 illiquid filtered    │
│  Entries: 0 (DRY RUN)                                   │
│  Positions: 0 open, P&L: ₹0.00                 │
│  Risk: ✓ CLEAR                                      │
└────────────────────────────────────────────────────────────────┘

[09:38:37] Shutdown signal received...

╔══════════════════════════════════════════════════════════════════╗
║                    SCALPING ENGINE STOPPED                        ║
╠══════════════════════════════════════════════════════════════════╣
║  Cycles Run: 5                                                 ║
║  Signals Generated: 0                                          ║
║  Entries Taken: 0                                              ║
║  Total P&L: ₹0.00                                        ║
╚══════════════════════════════════════════════════════════════════╝
        

[09:38:38] Launcher stopped.
Unclosed client session
client_session: <aiohttp.client.ClientSession object at 0x1054fcd70>
