[2026-02-02 15:18:46] ================================================================================
[2026-02-02 15:18:46] Starting Task Value Calculation
[2026-02-02 15:18:46] ================================================================================
[2026-02-02 15:18:46] Loading task hour estimates from ./task_hour_estimates/task_hours.jsonl
[2026-02-02 15:18:46] Loaded 220 tasks
[2026-02-02 15:18:46] Loading wage data from ./task_value_estimates/hourly_wage.csv
[2026-02-02 15:19:37] ================================================================================
[2026-02-02 15:19:37] Starting Task Value Calculation
[2026-02-02 15:19:37] ================================================================================
[2026-02-02 15:19:37] Loading task hour estimates from ./task_hour_estimates/task_hours.jsonl
[2026-02-02 15:19:37] Loaded 220 tasks
[2026-02-02 15:19:37] Loading wage data from ./task_value_estimates/hourly_wage.csv
[2026-02-02 15:19:37] Loaded 1319 wage entries (excluding entries with missing data)
[2026-02-02 15:19:37] Found 44 unique occupations
[2026-02-02 15:19:37] 
================================================================================
[2026-02-02 15:19:37] Step 1: Matching GDPVal Occupations to BLS Wage Data
[2026-02-02 15:19:37] ================================================================================
[2026-02-02 15:19:37] Matching occupation: Accountants and Auditors
[2026-02-02 15:19:40] ✅ Matched 'Accountants and Auditors' -> 'Accountants and Auditors' ($44.96/hr)
[2026-02-02 15:19:41] Matching occupation: Administrative Services Managers
[2026-02-02 15:19:45] ✅ Matched 'Administrative Services Managers' -> 'Administrative Services Managers' ($60.59/hr)
[2026-02-02 15:19:46] Matching occupation: Audio and Video Technicians
[2026-02-02 15:19:52] ✅ Matched 'Audio and Video Technicians' -> 'Entertainment and Recreation Managers, Except Gambling' ($41.86/hr)
[2026-02-02 15:19:53] Matching occupation: Buyers and Purchasing Agents
[2026-02-02 15:19:56] ✅ Matched 'Buyers and Purchasing Agents' -> 'Buyers and Purchasing Agents' ($39.29/hr)
[2026-02-02 15:19:57] Matching occupation: Child, Family, and School Social Workers
[2026-02-02 15:20:00] ✅ Matched 'Child, Family, and School Social Workers' -> 'Social and Community Service Managers' ($41.39/hr)
[2026-02-02 15:20:01] Matching occupation: Compliance Officers
[2026-02-02 15:20:03] ✅ Matched 'Compliance Officers' -> 'Compliance Officers' ($40.86/hr)
[2026-02-02 15:20:04] Matching occupation: Computer and Information Systems Managers
[2026-02-02 15:20:07] ✅ Matched 'Computer and Information Systems Managers' -> 'Computer and Information Systems Managers' ($90.38/hr)
[2026-02-02 15:20:08] Matching occupation: Concierges
[2026-02-02 15:20:12] ✅ Matched 'Concierges' -> 'Lodging Managers' ($37.24/hr)
[2026-02-02 15:20:13] Matching occupation: Counter and Rental Clerks
[2026-02-02 15:20:16] ✅ Matched 'Counter and Rental Clerks' -> 'Business Operations Specialists, All Other' ($44.41/hr)
[2026-02-02 15:20:17] Matching occupation: Customer Service Representatives
[2026-02-02 15:20:19] ✅ Matched 'Customer Service Representatives' -> 'Business Operations Specialists, All Other' ($44.41/hr)
[2026-02-02 15:20:20] Matching occupation: Editors
[2026-02-02 15:20:23] ✅ Matched 'Editors' -> 'Managers, All Other' ($72.06/hr)
[2026-02-02 15:20:24] Matching occupation: Film and Video Editors
[2026-02-02 15:20:27] ✅ Matched 'Film and Video Editors' -> 'Management Occupations' ($68.15/hr)
[2026-02-02 15:20:28] Matching occupation: Financial Managers
[2026-02-02 15:20:31] ✅ Matched 'Financial Managers' -> 'Financial Managers' ($86.76/hr)
[2026-02-02 15:20:32] Matching occupation: Financial and Investment Analysts
[2026-02-02 15:20:36] ✅ Matched 'Financial and Investment Analysts' -> 'Financial and Investment Analysts' ($56.01/hr)
[2026-02-02 15:20:37] Matching occupation: First-Line Supervisors of Non-Retail Sales Workers
[2026-02-02 15:20:40] ✅ Matched 'First-Line Supervisors of Non-Retail Sales Workers' -> 'Sales Managers' ($77.37/hr)
[2026-02-02 15:20:41] Matching occupation: First-Line Supervisors of Office and Administrative Support Workers
[2026-02-02 15:20:44] ✅ Matched 'First-Line Supervisors of Office and Administrative Support Workers' -> 'Administrative Services Managers' ($60.59/hr)
[2026-02-02 15:20:45] Matching occupation: First-Line Supervisors of Police and Detectives
[2026-02-02 15:20:48] ✅ Matched 'First-Line Supervisors of Police and Detectives' -> 'Managers, All Other' ($72.06/hr)
[2026-02-02 15:20:49] Matching occupation: First-Line Supervisors of Production and Operating Workers
[2026-02-02 15:20:51] ✅ Matched 'First-Line Supervisors of Production and Operating Workers' -> 'Industrial Production Managers' ($62.11/hr)
[2026-02-02 15:20:52] Matching occupation: First-Line Supervisors of Retail Sales Workers
[2026-02-02 15:20:56] ✅ Matched 'First-Line Supervisors of Retail Sales Workers' -> 'Sales Managers' ($77.37/hr)
[2026-02-02 15:20:57] Matching occupation: General and Operations Managers
[2026-02-02 15:21:01] ✅ Matched 'General and Operations Managers' -> 'General and Operations Managers' ($64.0/hr)
[2026-02-02 15:21:02] Matching occupation: Industrial Engineers
[2026-02-02 15:21:04] ✅ Matched 'Industrial Engineers' -> 'Industrial Engineers' ($51.87/hr)
[2026-02-02 15:21:05] Matching occupation: Lawyers
[2026-02-02 15:21:09] ✅ Matched 'Lawyers' -> 'Business Operations Specialists, All Other' ($44.41/hr)
[2026-02-02 15:21:10] Matching occupation: Mechanical Engineers
[2026-02-02 15:21:12] ✅ Matched 'Mechanical Engineers' -> 'Mechanical Engineers' ($52.92/hr)
[2026-02-02 15:21:13] Matching occupation: Medical Secretaries and Administrative Assistants
[2026-02-02 15:21:15] ✅ Matched 'Medical Secretaries and Administrative Assistants' -> 'Medical and Health Services Managers' ($66.22/hr)
[2026-02-02 15:21:16] Matching occupation: Medical and Health Services Managers
[2026-02-02 15:21:20] ✅ Matched 'Medical and Health Services Managers' -> 'Medical and Health Services Managers' ($66.22/hr)
[2026-02-02 15:21:21] Matching occupation: News Analysts, Reporters, and Journalists
[2026-02-02 15:21:24] ✅ Matched 'News Analysts, Reporters, and Journalists' -> 'Management Occupations' ($68.15/hr)
[2026-02-02 15:21:25] Matching occupation: Nurse Practitioners
[2026-02-02 15:21:27] ✅ Matched 'Nurse Practitioners' -> 'Medical and Health Services Managers' ($66.22/hr)
[2026-02-02 15:21:28] Matching occupation: Order Clerks
[2026-02-02 15:21:31] ✅ Matched 'Order Clerks' -> 'Business Operations Specialists, All Other' ($44.41/hr)
[2026-02-02 15:21:32] Matching occupation: Personal Financial Advisors
[2026-02-02 15:21:35] ✅ Matched 'Personal Financial Advisors' -> 'Personal Financial Advisors' ($77.02/hr)
[2026-02-02 15:21:36] Matching occupation: Pharmacists
[2026-02-02 15:21:39] ✅ Matched 'Pharmacists' -> 'Medical and Health Services Managers' ($66.22/hr)
[2026-02-02 15:21:40] Matching occupation: Private Detectives and Investigators
[2026-02-02 15:21:43] ✅ Matched 'Private Detectives and Investigators' -> 'Claims Adjusters, Examiners, and Investigators' ($37.87/hr)
[2026-02-02 15:21:44] Matching occupation: Producers and Directors
[2026-02-02 15:21:47] ✅ Matched 'Producers and Directors' -> 'Entertainment and Recreation Managers, Except Gambling' ($41.86/hr)
[2026-02-02 15:21:48] Matching occupation: Project Management Specialists
[2026-02-02 15:21:50] ✅ Matched 'Project Management Specialists' -> 'Project Management Specialists' ($51.97/hr)
[2026-02-02 15:21:51] Matching occupation: Property, Real Estate, and Community Association Managers
[2026-02-02 15:21:53] ✅ Matched 'Property, Real Estate, and Community Association Managers' -> 'Property, Real Estate, and Community Association Managers' ($39.77/hr)
[2026-02-02 15:21:54] Matching occupation: Real Estate Brokers
[2026-02-02 15:21:57] ✅ Matched 'Real Estate Brokers' -> 'Property, Real Estate, and Community Association Managers' ($39.77/hr)
[2026-02-02 15:21:58] Matching occupation: Real Estate Sales Agents
[2026-02-02 15:22:01] ✅ Matched 'Real Estate Sales Agents' -> 'Property, Real Estate, and Community Association Managers' ($39.77/hr)
[2026-02-02 15:22:02] Matching occupation: Recreation Workers
[2026-02-02 15:22:05] ✅ Matched 'Recreation Workers' -> 'Entertainment and Recreation Managers, Except Gambling' ($41.86/hr)
[2026-02-02 15:22:06] Matching occupation: Registered Nurses
[2026-02-02 15:22:10] ✅ Matched 'Registered Nurses' -> 'Medical and Health Services Managers' ($66.22/hr)
[2026-02-02 15:22:11] Matching occupation: Sales Managers
[2026-02-02 15:22:13] ✅ Matched 'Sales Managers' -> 'Sales Managers' ($77.37/hr)
[2026-02-02 15:22:14] Matching occupation: Sales Representatives, Wholesale and Manufacturing, Except Technical and Scientific Products
[2026-02-02 15:22:17] ✅ Matched 'Sales Representatives, Wholesale and Manufacturing, Except Technical and Scientific Products' -> 'Market Research Analysts and Marketing Specialists' ($41.58/hr)
[2026-02-02 15:22:18] Matching occupation: Sales Representatives, Wholesale and Manufacturing, Technical and Scientific Products
[2026-02-02 15:22:23] ✅ Matched 'Sales Representatives, Wholesale and Manufacturing, Technical and Scientific Products' -> 'Marketing and Sales Managers' ($79.35/hr)
[2026-02-02 15:22:24] Matching occupation: Securities, Commodities, and Financial Services Sales Agents
[2026-02-02 15:22:26] ✅ Matched 'Securities, Commodities, and Financial Services Sales Agents' -> 'Financial Specialists' ($48.12/hr)
[2026-02-02 15:22:27] Matching occupation: Shipping, Receiving, and Inventory Clerks
[2026-02-02 15:22:31] ✅ Matched 'Shipping, Receiving, and Inventory Clerks' -> 'Transportation, Storage, and Distribution Managers' ($55.77/hr)
[2026-02-02 15:22:32] Matching occupation: Software Developers
[2026-02-02 15:22:35] ✅ Matched 'Software Developers' -> 'Software Developers' ($69.5/hr)
[2026-02-02 15:22:36] Total occupation mappings: 44
[2026-02-02 15:22:36] 
================================================================================
[2026-02-02 15:22:36] Step 2: Calculating Task Values
[2026-02-02 15:22:36] ================================================================================
[2026-02-02 15:22:36] Calculating task values...
[2026-02-02 15:22:36] ✅ Calculated values for 220 tasks
[2026-02-02 15:22:36] Saved task values to task_value_estimates/task_values.jsonl
[2026-02-02 15:22:36] 
================================================================================
[2026-02-02 15:22:36] Step 3: Generating Summary Report
[2026-02-02 15:22:36] ================================================================================
[2026-02-02 15:22:36] Generating value summary...
[2026-02-02 15:22:36] 📊 Value Summary:
[2026-02-02 15:22:36]    Total tasks valued: 220
[2026-02-02 15:22:36]    Total value: $57,078.70
[2026-02-02 15:22:36]    Average value per task: $259.45
[2026-02-02 15:22:36]    Value range: $82.78 - $5004.00
[2026-02-02 15:22:36]    Summary saved to: task_value_estimates/value_summary.json
[2026-02-02 15:22:36] 
================================================================================
[2026-02-02 15:22:36] ✅ Task Value Calculation Complete!
[2026-02-02 15:22:36] ================================================================================
[2026-02-02 15:22:36] Output files:
[2026-02-02 15:22:36]   - Occupation mappings: task_value_estimates/occupation_to_wage_mapping.json
[2026-02-02 15:22:36]   - Task values: task_value_estimates/task_values.jsonl
[2026-02-02 15:22:36]   - Summary: task_value_estimates/value_summary.json
[2026-02-02 15:22:36] ================================================================================
